Unity Editor version:    2021.3.25f1 (68ef2c4f8861)
Branch:                  2021.3/staging
Build type:              Release
Batch mode:              YES
macOS version:           Version 13.0 (Build 22A380)
Darwin version:          22.1.0
Architecture:            arm64
Running under Rosetta:   NO
Available memory:        8192 MB
Using pre-set license
Pro License: YES

COMMAND LINE ARGUMENTS:
/Applications/Unity/Hub/Editor/2021.3.25f1/Unity.app/Contents/MacOS/Unity
-adb2
-batchMode
-noUpm
-name
AssetImportWorker0
-projectPath
/Users/christianpedersen/Game Engine Projects/MiniGolfGame
-logFile
Logs/AssetImportWorker0.log
-srvPort
52359
Successfully changed project path to: /Users/christianpedersen/Game Engine Projects/MiniGolfGame
/Users/christianpedersen/Game Engine Projects/MiniGolfGame
[UnityMemory] Configuration Parameters - Can be set up in boot.config
    "memorysetup-bucket-allocator-granularity=16"
    "memorysetup-bucket-allocator-bucket-count=8"
    "memorysetup-bucket-allocator-block-size=33554432"
    "memorysetup-bucket-allocator-block-count=8"
    "memorysetup-main-allocator-block-size=16777216"
    "memorysetup-thread-allocator-block-size=16777216"
    "memorysetup-gfx-main-allocator-block-size=16777216"
    "memorysetup-gfx-thread-allocator-block-size=16777216"
    "memorysetup-cache-allocator-block-size=4194304"
    "memorysetup-typetree-allocator-block-size=2097152"
    "memorysetup-profiler-bucket-allocator-granularity=16"
    "memorysetup-profiler-bucket-allocator-bucket-count=8"
    "memorysetup-profiler-bucket-allocator-block-size=33554432"
    "memorysetup-profiler-bucket-allocator-block-count=8"
    "memorysetup-profiler-allocator-block-size=16777216"
    "memorysetup-profiler-editor-allocator-block-size=1048576"
    "memorysetup-temp-allocator-size-main=16777216"
    "memorysetup-job-temp-allocator-block-size=2097152"
    "memorysetup-job-temp-allocator-block-size-background=1048576"
    "memorysetup-job-temp-allocator-reduction-small-platforms=262144"
    "memorysetup-temp-allocator-size-background-worker=32768"
    "memorysetup-temp-allocator-size-job-worker=262144"
    "memorysetup-temp-allocator-size-preload-manager=33554432"
    "memorysetup-temp-allocator-size-nav-mesh-worker=65536"
    "memorysetup-temp-allocator-size-audio-worker=65536"
    "memorysetup-temp-allocator-size-cloud-worker=32768"
    "memorysetup-temp-allocator-size-gi-baking-worker=262144"
    "memorysetup-temp-allocator-size-gfx=262144"
Player connection [8120149248] Host "[IP] 172.20.10.2 [Port] 0 [Flags] 2 [Guid] 1935872250 [EditorId] 1935872250 [Version] 1048832 [Id] OSXEditor(0,MacBook-Pro-2.local) [Debug] 1 [PackageName] OSXEditor [ProjectName] Editor" joined multi-casting on [225.0.0.222:54997]...

Player connection [8120149248] Host "[IP] 172.20.10.2 [Port] 0 [Flags] 2 [Guid] 1935872250 [EditorId] 1935872250 [Version] 1048832 [Id] OSXEditor(0,MacBook-Pro-2.local) [Debug] 1 [PackageName] OSXEditor [ProjectName] Editor" joined alternative multi-casting on [225.0.0.222:34997]...

Refreshing native plugins compatible for Editor in 83.91 ms, found 2 plugins.
Preloading 0 native plugins for Editor in 0.00 ms.
Initialize engine version: 2021.3.25f1 (68ef2c4f8861)
[Subsystems] Discovering subsystems at path /Applications/Unity/Hub/Editor/2021.3.25f1/Unity.app/Contents/Resources/UnitySubsystems
[Subsystems] Discovering subsystems at path /Users/christianpedersen/Game Engine Projects/MiniGolfGame/Assets
GfxDevice: creating device client; threaded=0; jobified=0
 preferred device: Apple M1 (high power)
Metal devices available: 1
0: Apple M1 (high power)
Using device Apple M1 (high power)
Initializing Metal device caps: Apple M1
Initialize mono
Mono path[0] = '/Applications/Unity/Hub/Editor/2021.3.25f1/Unity.app/Contents/Managed'
Mono path[1] = '/Applications/Unity/Hub/Editor/2021.3.25f1/Unity.app/Contents/MonoBleedingEdge/lib/mono/unityjit-macos'
Mono config path = '/Applications/Unity/Hub/Editor/2021.3.25f1/Unity.app/Contents/MonoBleedingEdge/etc'
Using monoOptions --debugger-agent=transport=dt_socket,embedding=1,server=y,suspend=n,address=127.0.0.1:56840
Begin MonoManager ReloadAssembly
Registering precompiled unity dll's ...
Register platform support module: /Applications/Unity/Hub/Editor/2021.3.25f1/PlaybackEngines/WebGLSupport/UnityEditor.WebGL.Extensions.dll
Register platform support module: /Applications/Unity/Hub/Editor/2021.3.25f1/Unity.app/Contents/PlaybackEngines/MacStandaloneSupport/UnityEditor.OSXStandalone.Extensions.dll
Registered in 0.001969 seconds.
Native extension for OSXStandalone target not found
Native extension for WebGL target not found
Refreshing native plugins compatible for Editor in 64.26 ms, found 2 plugins.
Preloading 0 native plugins for Editor in 0.00 ms.
Mono: successfully reloaded assembly
- Completed reload, in  0.442 seconds
Domain Reload Profiling:
	ReloadAssembly (443ms)
		BeginReloadAssembly (79ms)
			ExecutionOrderSort (0ms)
			DisableScriptedObjects (0ms)
			BackupInstance (0ms)
			ReleaseScriptingObjects (0ms)
			CreateAndSetChildDomain (1ms)
		EndReloadAssembly (304ms)
			LoadAssemblies (79ms)
			RebuildTransferFunctionScriptingTraits (1ms)
			SetupTypeCache (76ms)
			ReleaseScriptCaches (0ms)
			RebuildScriptCaches (19ms)
			SetupLoadedEditorAssemblies (178ms)
				LogAssemblyErrors (0ms)
				InitializePlatformSupportModulesInManaged (4ms)
				SetLoadedEditorAssemblies (0ms)
				RefreshPlugins (64ms)
				BeforeProcessingInitializeOnLoad (1ms)
				ProcessInitializeOnLoadAttributes (83ms)
				ProcessInitializeOnLoadMethodAttributes (26ms)
				AfterProcessingInitializeOnLoad (0ms)
				EditorAssembliesLoaded (0ms)
			ExecutionOrderSort2 (0ms)
			AwakeInstancesAfterBackupRestoration (0ms)
Platform modules already initialized, skipping
Registering precompiled user dll's ...
Registered in 0.004082 seconds.
Begin MonoManager ReloadAssembly
Symbol file LoadedFromMemory doesn't match image /Users/christianpedersen/Game Engine Projects/MiniGolfGame/Library/PackageCache/com.unity.visualscripting@1.8.0/Editor/VisualScripting.Core/Dependencies/YamlDotNet/Unity.VisualScripting.YamlDotNet.dll
Symbol file LoadedFromMemory doesn't match image /Users/christianpedersen/Game Engine Projects/MiniGolfGame/Library/PackageCache/com.unity.visualscripting@1.8.0/Editor/VisualScripting.Core/Dependencies/DotNetZip/Unity.VisualScripting.IonicZip.dll
Native extension for OSXStandalone target not found
Native extension for WebGL target not found
Refreshing native plugins compatible for Editor in 0.38 ms, found 2 plugins.
Preloading 0 native plugins for Editor in 0.00 ms.
Mono: successfully reloaded assembly
- Completed reload, in  0.621 seconds
Domain Reload Profiling:
	ReloadAssembly (622ms)
		BeginReloadAssembly (63ms)
			ExecutionOrderSort (0ms)
			DisableScriptedObjects (3ms)
			BackupInstance (0ms)
			ReleaseScriptingObjects (0ms)
			CreateAndSetChildDomain (16ms)
		EndReloadAssembly (497ms)
			LoadAssemblies (55ms)
			RebuildTransferFunctionScriptingTraits (0ms)
			SetupTypeCache (178ms)
			ReleaseScriptCaches (0ms)
			RebuildScriptCaches (34ms)
			SetupLoadedEditorAssemblies (211ms)
				LogAssemblyErrors (0ms)
				InitializePlatformSupportModulesInManaged (3ms)
				SetLoadedEditorAssemblies (0ms)
				RefreshPlugins (0ms)
				BeforeProcessingInitializeOnLoad (58ms)
				ProcessInitializeOnLoadAttributes (138ms)
				ProcessInitializeOnLoadMethodAttributes (10ms)
				AfterProcessingInitializeOnLoad (1ms)
				EditorAssembliesLoaded (0ms)
			ExecutionOrderSort2 (0ms)
			AwakeInstancesAfterBackupRestoration (2ms)
Platform modules already initialized, skipping
========================================================================
Worker process is ready to serve import requests
Launching external process: /Applications/Unity/Hub/Editor/2021.3.25f1/Unity.app/Contents/Tools/UnityShaderCompiler
Launched and connected shader compiler UnityShaderCompiler after 0.21 seconds
Refreshing native plugins compatible for Editor in 0.48 ms, found 2 plugins.
Preloading 0 native plugins for Editor in 0.00 ms.
Unloading 3050 Unused Serialized files (Serialized files now loaded: 0)
Unloading 25 unused Assets / (22.8 KB). Loaded Objects now: 3509.
Memory consumption went from 102.1 MB to 102.1 MB.
Total: 2.780208 ms (FindLiveObjects: 0.173917 ms CreateObjectMapping: 0.058750 ms MarkObjects: 2.432709 ms  DeleteObjects: 0.114083 ms)

AssetImportParameters requested are different than current active one (requested -> active):
  custom:video-decoder-ogg-theora: a1e56fd34408186e4bbccfd4996cb3dc -> 
  custom:container-muxer-webm: aa71ff27fc2769a1b78a27578f13a17b -> 
  custom:container-demuxer-webm: 4f35f7cbe854078d1ac9338744f61a02 -> 
  custom:video-encoder-webm-vp8: eb34c28f22e8b96e1ab97ce403110664 -> 
  custom:framework-osx-AVFoundation: e770b220cccbd017edd2c1fefb359320 -> 
  custom:audio-encoder-webm-vorbis: bf7c407c2cedff20999df2af8eb42d56 -> 
  custom:container-demuxer-ogg: 62fdf1f143b41e24485cea50d1cbac27 -> 
  custom:video-decoder-webm-vp8: 9c59270c3fd7afecdb556c50c9e8de78 -> 
  custom:audio-decoder-ogg-vorbis: bf7c407c2cedff20999df2af8eb42d56 -> 
========================================================================
Received Import Request.
  Time since last request: 993314.234315 seconds.
  path: Assets/Scenes
  artifactKey: Guid(6ea315d0fd7389c41b19996891e99ae3) Importer(815301076,1909f56bfc062723c751e8b465ee728b)
Start importing Assets/Scenes using Guid(6ea315d0fd7389c41b19996891e99ae3) Importer(815301076,1909f56bfc062723c751e8b465ee728b)  -> (artifact id: 'b8193726cff86800c54781cdc6d54904') in 0.004779 seconds 
========================================================================
Received Import Request.
  Time since last request: 4.580387 seconds.
  path: Assets/Cartoon City Pack/Prefabs
  artifactKey: Guid(16f29f56e0fa8204dbd9db38bfcd0483) Importer(815301076,1909f56bfc062723c751e8b465ee728b)
Start importing Assets/Cartoon City Pack/Prefabs using Guid(16f29f56e0fa8204dbd9db38bfcd0483) Importer(815301076,1909f56bfc062723c751e8b465ee728b)  -> (artifact id: '3871ca148002cb60ab430e0482ef42c2') in 0.003994 seconds 
========================================================================
Received Import Request.
  Time since last request: 1.559149 seconds.
  path: Assets/Cartoon City Pack/Prefabs/Standard
  artifactKey: Guid(7418fb2aeccb5734181c4f0ddfb6bac8) Importer(815301076,1909f56bfc062723c751e8b465ee728b)
Start importing Assets/Cartoon City Pack/Prefabs/Standard using Guid(7418fb2aeccb5734181c4f0ddfb6bac8) Importer(815301076,1909f56bfc062723c751e8b465ee728b)  -> (artifact id: '26e432243448da7a8bda1ce8e26a2593') in 0.000794 seconds 
========================================================================
Received Import Request.
  Time since last request: 0.050206 seconds.
  path: Assets/Cartoon City Pack/Prefabs/Standard/Bench 2.prefab
  artifactKey: Guid(3173a5ed971ad334bb730050ff11cd4b) Importer(815301076,1909f56bfc062723c751e8b465ee728b)
Start importing Assets/Cartoon City Pack/Prefabs/Standard/Bench 2.prefab using Guid(3173a5ed971ad334bb730050ff11cd4b) Importer(815301076,1909f56bfc062723c751e8b465ee728b)  -> (artifact id: 'c032410151b4f618f6f7d89b0f1ce9e5') in 0.943033 seconds 
========================================================================
Received Import Request.
  Time since last request: 0.000198 seconds.
  path: Assets/Cartoon City Pack/Prefabs/Standard/Shop Billboard.prefab
  artifactKey: Guid(77695bc95257c3042a756999d4e43b36) Importer(815301076,1909f56bfc062723c751e8b465ee728b)
Start importing Assets/Cartoon City Pack/Prefabs/Standard/Shop Billboard.prefab using Guid(77695bc95257c3042a756999d4e43b36) Importer(815301076,1909f56bfc062723c751e8b465ee728b)  -> (artifact id: 'ee017315f34730be51495a51dba1813c') in 0.019024 seconds 
========================================================================
Received Import Request.
  Time since last request: 0.000041 seconds.
  path: Assets/Cartoon City Pack/Prefabs/Standard/House.prefab
  artifactKey: Guid(c87dbac8c744c0d43865269ef9d37413) Importer(815301076,1909f56bfc062723c751e8b465ee728b)
Start importing Assets/Cartoon City Pack/Prefabs/Standard/House.prefab using Guid(c87dbac8c744c0d43865269ef9d37413) Importer(815301076,1909f56bfc062723c751e8b465ee728b)  -> (artifact id: '8729db787398432433b662ebf4b20136') in 0.008837 seconds 
========================================================================
Received Import Request.
  Time since last request: 0.000067 seconds.
  path: Assets/Cartoon City Pack/Prefabs/Standard/Street Lamp 2.prefab
  artifactKey: Guid(de52c140a114d0a4c83f1521ec5e627f) Importer(815301076,1909f56bfc062723c751e8b465ee728b)
Start importing Assets/Cartoon City Pack/Prefabs/Standard/Street Lamp 2.prefab using Guid(de52c140a114d0a4c83f1521ec5e627f) Importer(815301076,1909f56bfc062723c751e8b465ee728b)  -> (artifact id: '1837abca3d1b3e67a1aefc5e19e720b7') in 0.006734 seconds 
========================================================================
Received Import Request.
  Time since last request: 0.000042 seconds.
  path: Assets/Cartoon City Pack/Prefabs/Standard/Fence2Corner.prefab
  artifactKey: Guid(0d25d97123ece354598c9bde93fb9898) Importer(815301076,1909f56bfc062723c751e8b465ee728b)
Start importing Assets/Cartoon City Pack/Prefabs/Standard/Fence2Corner.prefab using Guid(0d25d97123ece354598c9bde93fb9898) Importer(815301076,1909f56bfc062723c751e8b465ee728b)  -> (artifact id: '40ab2d7ab586db0ae7a0dd60847401d6') in 0.007031 seconds 
========================================================================
Received Import Request.
  Time since last request: 0.000040 seconds.
  path: Assets/Cartoon City Pack/Prefabs/Standard/Fence1B.prefab
  artifactKey: Guid(e69cb58dbbdc26d45b11a6e4e440dfe7) Importer(815301076,1909f56bfc062723c751e8b465ee728b)
Start importing Assets/Cartoon City Pack/Prefabs/Standard/Fence1B.prefab using Guid(e69cb58dbbdc26d45b11a6e4e440dfe7) Importer(815301076,1909f56bfc062723c751e8b465ee728b)  -> (artifact id: '96778352374154e7cf52ef85224bbdf8') in 0.005892 seconds 
========================================================================
Received Import Request.
  Time since last request: 0.000060 seconds.
  path: Assets/Cartoon City Pack/Prefabs/Standard/CornerShop.prefab
  artifactKey: Guid(82a51b0aaa9ae9b449ba25f2751ae1fe) Importer(815301076,1909f56bfc062723c751e8b465ee728b)
Start importing Assets/Cartoon City Pack/Prefabs/Standard/CornerShop.prefab using Guid(82a51b0aaa9ae9b449ba25f2751ae1fe) Importer(815301076,1909f56bfc062723c751e8b465ee728b)  -> (artifact id: '19c6436bd5acc1f4c95662d961795bc2') in 0.303619 seconds 
========================================================================
Received Import Request.
  Time since last request: 2.812760 seconds.
  path: Assets/Cartoon City Pack/Materials/Grass.mat
  artifactKey: Guid(9498b086f9253f049b9a89ba57ca0fca) Importer(815301076,1909f56bfc062723c751e8b465ee728b)
Start importing Assets/Cartoon City Pack/Materials/Grass.mat using Guid(9498b086f9253f049b9a89ba57ca0fca) Importer(815301076,1909f56bfc062723c751e8b465ee728b)  -> (artifact id: 'e1285618226a1c38a85319c9af74d2de') in 0.235376 seconds 
========================================================================
Received Import Request.
  Time since last request: 11.920205 seconds.
  path: Assets/Cartoon City Pack/Prefabs/Standard/Modular Pavement
  artifactKey: Guid(8d9fa2a746e1b1c4aa65895a803d0e84) Importer(815301076,1909f56bfc062723c751e8b465ee728b)
Start importing Assets/Cartoon City Pack/Prefabs/Standard/Modular Pavement using Guid(8d9fa2a746e1b1c4aa65895a803d0e84) Importer(815301076,1909f56bfc062723c751e8b465ee728b)  -> (artifact id: '0eda381541b7ea500b323642e17ea54a') in 0.001348 seconds 
========================================================================
Received Import Request.
  Time since last request: 0.053253 seconds.
  path: Assets/Cartoon City Pack/Prefabs/Standard/Modular Pavement/Pavement Center.prefab
  artifactKey: Guid(5bce43dde5eac784eb5ee366a1a9d583) Importer(815301076,1909f56bfc062723c751e8b465ee728b)
Start importing Assets/Cartoon City Pack/Prefabs/Standard/Modular Pavement/Pavement Center.prefab using Guid(5bce43dde5eac784eb5ee366a1a9d583) Importer(815301076,1909f56bfc062723c751e8b465ee728b)  -> (artifact id: '6979a3cfcdce04280e445a64bfa3ce11') in 0.010585 seconds 
========================================================================
Received Import Request.
  Time since last request: 0.000047 seconds.
  path: Assets/Cartoon City Pack/Prefabs/Standard/Modular Pavement/Pavement middle.prefab
  artifactKey: Guid(58af9ec49b16a5840a6aa9cde3757529) Importer(815301076,1909f56bfc062723c751e8b465ee728b)
Start importing Assets/Cartoon City Pack/Prefabs/Standard/Modular Pavement/Pavement middle.prefab using Guid(58af9ec49b16a5840a6aa9cde3757529) Importer(815301076,1909f56bfc062723c751e8b465ee728b)  -> (artifact id: '237d2181360a396928dc9e3b8c320cda') in 0.007231 seconds 
========================================================================
Received Import Request.
  Time since last request: 0.000039 seconds.
  path: Assets/Cartoon City Pack/Prefabs/Standard/Modular Pavement/Pavement Dead End.prefab
  artifactKey: Guid(72d66d2b25c007943b198c8fbef4abe1) Importer(815301076,1909f56bfc062723c751e8b465ee728b)
Start importing Assets/Cartoon City Pack/Prefabs/Standard/Modular Pavement/Pavement Dead End.prefab using Guid(72d66d2b25c007943b198c8fbef4abe1) Importer(815301076,1909f56bfc062723c751e8b465ee728b)  -> (artifact id: '83bedcf8c72a15854d89c3c14a7b67a8') in 0.010655 seconds 
========================================================================
Received Import Request.
  Time since last request: 0.000048 seconds.
  path: Assets/Cartoon City Pack/Prefabs/Standard/Modular Pavement/Pavement Corner out 2.prefab
  artifactKey: Guid(2e877d309fb595141a30ca40d8ac8fbf) Importer(815301076,1909f56bfc062723c751e8b465ee728b)
Start importing Assets/Cartoon City Pack/Prefabs/Standard/Modular Pavement/Pavement Corner out 2.prefab using Guid(2e877d309fb595141a30ca40d8ac8fbf) Importer(815301076,1909f56bfc062723c751e8b465ee728b)  -> (artifact id: '8e88f4f95171f5eb111e714f5aaf7537') in 0.006533 seconds 
========================================================================
Received Import Request.
  Time since last request: 0.000067 seconds.
  path: Assets/Cartoon City Pack/Prefabs/Standard/Modular Pavement/Pavement Corner out.prefab
  artifactKey: Guid(e18878f8e44516b4993f491d5c8dd52b) Importer(815301076,1909f56bfc062723c751e8b465ee728b)
Start importing Assets/Cartoon City Pack/Prefabs/Standard/Modular Pavement/Pavement Corner out.prefab using Guid(e18878f8e44516b4993f491d5c8dd52b) Importer(815301076,1909f56bfc062723c751e8b465ee728b)  -> (artifact id: 'c8818aa82096b52fcd682c4a15faca85') in 0.004365 seconds 
========================================================================
Received Import Request.
  Time since last request: 2.908653 seconds.
  path: Assets/Cartoon City Pack/Prefabs/Standard/Modular Road
  artifactKey: Guid(55f773c57eb35da48a58f4195b0b4453) Importer(815301076,1909f56bfc062723c751e8b465ee728b)
Start importing Assets/Cartoon City Pack/Prefabs/Standard/Modular Road using Guid(55f773c57eb35da48a58f4195b0b4453) Importer(815301076,1909f56bfc062723c751e8b465ee728b)  -> (artifact id: 'b2e9a8d31e6451059631bb68dfe1d284') in 0.001212 seconds 
========================================================================
Received Import Request.
  Time since last request: 0.044307 seconds.
  path: Assets/Cartoon City Pack/Prefabs/Standard/Modular Road/Road Corner.prefab
  artifactKey: Guid(b2b85765f8003924ebef2e301efb9947) Importer(815301076,1909f56bfc062723c751e8b465ee728b)
Start importing Assets/Cartoon City Pack/Prefabs/Standard/Modular Road/Road Corner.prefab using Guid(b2b85765f8003924ebef2e301efb9947) Importer(815301076,1909f56bfc062723c751e8b465ee728b)  -> (artifact id: 'e07e13415d21d61a20210766043e0a9f') in 0.008045 seconds 
========================================================================
Received Import Request.
  Time since last request: 0.000071 seconds.
  path: Assets/Cartoon City Pack/Prefabs/Standard/Modular Road/Road Large.prefab
  artifactKey: Guid(b26a1f7e9fceb624f9ab430592c4a064) Importer(815301076,1909f56bfc062723c751e8b465ee728b)
Start importing Assets/Cartoon City Pack/Prefabs/Standard/Modular Road/Road Large.prefab using Guid(b26a1f7e9fceb624f9ab430592c4a064) Importer(815301076,1909f56bfc062723c751e8b465ee728b)  -> (artifact id: 'f41af54bf0a3e95dec9eeaf0bf1a5c11') in 0.007397 seconds 
========================================================================
Received Import Request.
  Time since last request: 0.000066 seconds.
  path: Assets/Cartoon City Pack/Prefabs/Standard/Modular Road/Road TJunction.prefab
  artifactKey: Guid(9b48b92f2004c3747b651a13dfd0fe3e) Importer(815301076,1909f56bfc062723c751e8b465ee728b)
Start importing Assets/Cartoon City Pack/Prefabs/Standard/Modular Road/Road TJunction.prefab using Guid(9b48b92f2004c3747b651a13dfd0fe3e) Importer(815301076,1909f56bfc062723c751e8b465ee728b)  -> (artifact id: 'cda1eab8049fc6ad7d50b1cef8caeaf1') in 0.006251 seconds 
========================================================================
Received Import Request.
  Time since last request: 0.000062 seconds.
  path: Assets/Cartoon City Pack/Prefabs/Standard/Modular Road/Road Large Corner.prefab
  artifactKey: Guid(5eeb652002f920b4a8672af6c5f9a231) Importer(815301076,1909f56bfc062723c751e8b465ee728b)
Start importing Assets/Cartoon City Pack/Prefabs/Standard/Modular Road/Road Large Corner.prefab using Guid(5eeb652002f920b4a8672af6c5f9a231) Importer(815301076,1909f56bfc062723c751e8b465ee728b)  -> (artifact id: 'b9e3e53b648b6a8b42c325a79cbc3982') in 0.005522 seconds 
========================================================================
Received Import Request.
  Time since last request: 1.826780 seconds.
  path: Assets/Cartoon City Pack/Prefabs/Mobile/Bench 2.prefab
  artifactKey: Guid(686bd99b8fe83db499913c478b9edd4c) Importer(815301076,1909f56bfc062723c751e8b465ee728b)
Start importing Assets/Cartoon City Pack/Prefabs/Mobile/Bench 2.prefab using Guid(686bd99b8fe83db499913c478b9edd4c) Importer(815301076,1909f56bfc062723c751e8b465ee728b)  -> (artifact id: 'a976fc4827c7dc27bfe770a38c2d4da4') in 0.126823 seconds 
========================================================================
Received Import Request.
  Time since last request: 0.000047 seconds.
  path: Assets/Cartoon City Pack/Prefabs/Mobile/Fence2.prefab
  artifactKey: Guid(0d01763b0c2754c45823c384b0c2fe0b) Importer(815301076,1909f56bfc062723c751e8b465ee728b)
Start importing Assets/Cartoon City Pack/Prefabs/Mobile/Fence2.prefab using Guid(0d01763b0c2754c45823c384b0c2fe0b) Importer(815301076,1909f56bfc062723c751e8b465ee728b)  -> (artifact id: 'ddd84c31f007dd5e00a027bb16555338') in 0.008555 seconds 
========================================================================
Received Import Request.
  Time since last request: 0.000045 seconds.
  path: Assets/Cartoon City Pack/Prefabs/Mobile/CornerShop.prefab
  artifactKey: Guid(77f653f5fb3179140a4410e9d3045c84) Importer(815301076,1909f56bfc062723c751e8b465ee728b)
Start importing Assets/Cartoon City Pack/Prefabs/Mobile/CornerShop.prefab using Guid(77f653f5fb3179140a4410e9d3045c84) Importer(815301076,1909f56bfc062723c751e8b465ee728b)  -> (artifact id: '2ae91e66d363a469e73c4c9ae2db8d2a') in 0.216531 seconds 
========================================================================
Received Import Request.
  Time since last request: 6.056687 seconds.
  path: Assets/Cartoon City Pack/Models/Bench.fbx
  artifactKey: Guid(b7815b3300cd72f4c8a7557539512606) Importer(815301076,1909f56bfc062723c751e8b465ee728b)
Start importing Assets/Cartoon City Pack/Models/Bench.fbx using Guid(b7815b3300cd72f4c8a7557539512606) Importer(815301076,1909f56bfc062723c751e8b465ee728b)  -> (artifact id: '6b675a20bc4bcdb4b3ba386bc941d5af') in 0.248686 seconds 
========================================================================
Received Import Request.
  Time since last request: 0.000140 seconds.
  path: Assets/Cartoon City Pack/Models/Billboard.fbx
  artifactKey: Guid(104043a0fad15634fb127307ed7318d5) Importer(815301076,1909f56bfc062723c751e8b465ee728b)
Start importing Assets/Cartoon City Pack/Models/Billboard.fbx using Guid(104043a0fad15634fb127307ed7318d5) Importer(815301076,1909f56bfc062723c751e8b465ee728b)  -> (artifact id: '2a00033e213df0b3fab2a879952ef9b6') in 0.017836 seconds 
========================================================================
Received Import Request.
  Time since last request: 0.000236 seconds.
  path: Assets/Cartoon City Pack/Models/Shop.fbx
  artifactKey: Guid(e39041a49b35fc644b6fd08ec28da40c) Importer(815301076,1909f56bfc062723c751e8b465ee728b)
Start importing Assets/Cartoon City Pack/Models/Shop.fbx using Guid(e39041a49b35fc644b6fd08ec28da40c) Importer(815301076,1909f56bfc062723c751e8b465ee728b)  -> (artifact id: '1195dde3cd96638a679677cda285005f') in 0.023175 seconds 
========================================================================
Received Import Request.
  Time since last request: 0.000190 seconds.
  path: Assets/Cartoon City Pack/Models/Fence2.fbx
  artifactKey: Guid(bb059f5ebb5c5bc47839967601d7ca5c) Importer(815301076,1909f56bfc062723c751e8b465ee728b)
Start importing Assets/Cartoon City Pack/Models/Fence2.fbx using Guid(bb059f5ebb5c5bc47839967601d7ca5c) Importer(815301076,1909f56bfc062723c751e8b465ee728b)  -> (artifact id: 'fcc954fcd462a3f1bb4ffc405fadc472') in 0.017778 seconds 
========================================================================
Received Import Request.
  Time since last request: 0.000059 seconds.
  path: Assets/Cartoon City Pack/Models/Road.fbx
  artifactKey: Guid(0aa56ab718e806c4797fe4c8418ecb23) Importer(815301076,1909f56bfc062723c751e8b465ee728b)
Start importing Assets/Cartoon City Pack/Models/Road.fbx using Guid(0aa56ab718e806c4797fe4c8418ecb23) Importer(815301076,1909f56bfc062723c751e8b465ee728b)  -> (artifact id: '9cc55359e1c64e91f2eb7e7390d080a4') in 0.046226 seconds 
========================================================================
Received Import Request.
  Time since last request: 0.000029 seconds.
  path: Assets/Cartoon City Pack/Models/Pavements.fbx
  artifactKey: Guid(fac7246f9cacd7342afe347336abab3e) Importer(815301076,1909f56bfc062723c751e8b465ee728b)
Start importing Assets/Cartoon City Pack/Models/Pavements.fbx using Guid(fac7246f9cacd7342afe347336abab3e) Importer(815301076,1909f56bfc062723c751e8b465ee728b)  -> (artifact id: '91e6372d80b44aa71caeab260d26f06e') in 0.056396 seconds 
========================================================================
Received Import Request.
  Time since last request: 0.000047 seconds.
  path: Assets/Cartoon City Pack/Models/Church.fbx
  artifactKey: Guid(6d392d83a0c803940bc5e14bdf25c42f) Importer(815301076,1909f56bfc062723c751e8b465ee728b)
Start importing Assets/Cartoon City Pack/Models/Church.fbx using Guid(6d392d83a0c803940bc5e14bdf25c42f) Importer(815301076,1909f56bfc062723c751e8b465ee728b)  -> (artifact id: '64fdd59fef45b684c79e32f59a862535') in 0.007411 seconds 
========================================================================
Received Import Request.
  Time since last request: 0.000035 seconds.
  path: Assets/Cartoon City Pack/Models/House.fbx
  artifactKey: Guid(97fa9aa4bcbe0e14cb7882a4cc27ffca) Importer(815301076,1909f56bfc062723c751e8b465ee728b)
Start importing Assets/Cartoon City Pack/Models/House.fbx using Guid(97fa9aa4bcbe0e14cb7882a4cc27ffca) Importer(815301076,1909f56bfc062723c751e8b465ee728b)  -> (artifact id: '7fecb30758300d4798cb645103872eeb') in 0.007647 seconds 
========================================================================
Received Import Request.
  Time since last request: 2.702549 seconds.
  path: Assets/Scenes/SampleScene.unity
  artifactKey: Guid(9fc0d4010bbf28b4594072e72b8655ab) Importer(815301076,1909f56bfc062723c751e8b465ee728b)
Start importing Assets/Scenes/SampleScene.unity using Guid(9fc0d4010bbf28b4594072e72b8655ab) Importer(815301076,1909f56bfc062723c751e8b465ee728b)  -> (artifact id: 'e55ccaa32d8e5c1de03c07a5412c8c3c') in 0.000989 seconds 
========================================================================
Received Import Request.
  Time since last request: 24.132093 seconds.
  path: Assets/Cartoon City Pack/ExampleScene.unity
  artifactKey: Guid(d211ee412b1d8f74b9f6e560d7819f1a) Importer(815301076,1909f56bfc062723c751e8b465ee728b)
Start importing Assets/Cartoon City Pack/ExampleScene.unity using Guid(d211ee412b1d8f74b9f6e560d7819f1a) Importer(815301076,1909f56bfc062723c751e8b465ee728b)  -> (artifact id: '0097e77ad50ba5321d04f9ad5d09cbbc') in 0.004588 seconds 
========================================================================
Received Import Request.
  Time since last request: 854.583363 seconds.
  path: Assets/Golf Pack/Prefabs
  artifactKey: Guid(f1a504b5edb9048a08b414a542fed086) Importer(815301076,1909f56bfc062723c751e8b465ee728b)
Start importing Assets/Golf Pack/Prefabs using Guid(f1a504b5edb9048a08b414a542fed086) Importer(815301076,1909f56bfc062723c751e8b465ee728b)  -> (artifact id: 'c203a31756b6e22694a51f67880245fc') in 0.002342 seconds 
========================================================================
Received Import Request.
  Time since last request: 0.034204 seconds.
  path: Assets/Golf Pack/Prefabs/track_01.prefab
  artifactKey: Guid(7c17c53116a9b47f7ac6a1108e9c4371) Importer(815301076,1909f56bfc062723c751e8b465ee728b)
Start importing Assets/Golf Pack/Prefabs/track_01.prefab using Guid(7c17c53116a9b47f7ac6a1108e9c4371) Importer(815301076,1909f56bfc062723c751e8b465ee728b)  -> (artifact id: 'a2c93fddb316b260eed605cad33611db') in 0.137110 seconds 
========================================================================
Received Import Request.
  Time since last request: 0.000041 seconds.
  path: Assets/Golf Pack/Prefabs/trackHillHole_03.prefab
  artifactKey: Guid(d1e82d33c9e394bd7b9f6ebd2b9cc04e) Importer(815301076,1909f56bfc062723c751e8b465ee728b)
Start importing Assets/Golf Pack/Prefabs/trackHillHole_03.prefab using Guid(d1e82d33c9e394bd7b9f6ebd2b9cc04e) Importer(815301076,1909f56bfc062723c751e8b465ee728b)  -> (artifact id: 'fe374ebcaef0451575b8f2682402489c') in 0.019212 seconds 
========================================================================
Received Import Request.
  Time since last request: 0.000039 seconds.
  path: Assets/Golf Pack/Prefabs/track_03.prefab
  artifactKey: Guid(eb7273c781dfa4c6791a3125535b1c11) Importer(815301076,1909f56bfc062723c751e8b465ee728b)
Start importing Assets/Golf Pack/Prefabs/track_03.prefab using Guid(eb7273c781dfa4c6791a3125535b1c11) Importer(815301076,1909f56bfc062723c751e8b465ee728b)  -> (artifact id: '94cee86c8509bfcbba002ffae7b54630') in 0.009138 seconds 
========================================================================
Received Import Request.
  Time since last request: 0.000029 seconds.
  path: Assets/Golf Pack/Prefabs/trackHill_03.prefab
  artifactKey: Guid(ee0fcbfc234b94f13bb79f0acff395ca) Importer(815301076,1909f56bfc062723c751e8b465ee728b)
Start importing Assets/Golf Pack/Prefabs/trackHill_03.prefab using Guid(ee0fcbfc234b94f13bb79f0acff395ca) Importer(815301076,1909f56bfc062723c751e8b465ee728b)  -> (artifact id: '6febd7bfb5df138ac85ff8d5b3ea3465') in 0.008334 seconds 
========================================================================
Received Import Request.
  Time since last request: 0.000044 seconds.
  path: Assets/Golf Pack/Prefabs/trackHill_04.prefab
  artifactKey: Guid(313c9c6fd01234421bda50c42e9316cd) Importer(815301076,1909f56bfc062723c751e8b465ee728b)
Start importing Assets/Golf Pack/Prefabs/trackHill_04.prefab using Guid(313c9c6fd01234421bda50c42e9316cd) Importer(815301076,1909f56bfc062723c751e8b465ee728b)  -> (artifact id: '63530c92fe332c83607fb92e64439cbf') in 0.010260 seconds 
========================================================================
Received Import Request.
  Time since last request: 0.000042 seconds.
  path: Assets/Golf Pack/Prefabs/trackRound_01.prefab
  artifactKey: Guid(e0d70b1f835294813a95fe4e5bbd3ea7) Importer(815301076,1909f56bfc062723c751e8b465ee728b)
Start importing Assets/Golf Pack/Prefabs/trackRound_01.prefab using Guid(e0d70b1f835294813a95fe4e5bbd3ea7) Importer(815301076,1909f56bfc062723c751e8b465ee728b)  -> (artifact id: '134eacc9ab48d023e75597897b8610df') in 0.009377 seconds 
========================================================================
Received Import Request.
  Time since last request: 0.000035 seconds.
  path: Assets/Golf Pack/Prefabs/trackCrossing_01.prefab
  artifactKey: Guid(944181a482f894708b98ef05c331163c) Importer(815301076,1909f56bfc062723c751e8b465ee728b)
Start importing Assets/Golf Pack/Prefabs/trackCrossing_01.prefab using Guid(944181a482f894708b98ef05c331163c) Importer(815301076,1909f56bfc062723c751e8b465ee728b)  -> (artifact id: '64afc1a79d3b8f93dadae9fb8b14c0ee') in 0.007874 seconds 
========================================================================
Received Import Request.
  Time since last request: 0.000041 seconds.
  path: Assets/Golf Pack/Prefabs/trackHole_02.prefab
  artifactKey: Guid(f384cca6e93b349c09c0cf5d1f40c9e4) Importer(815301076,1909f56bfc062723c751e8b465ee728b)
Start importing Assets/Golf Pack/Prefabs/trackHole_02.prefab using Guid(f384cca6e93b349c09c0cf5d1f40c9e4) Importer(815301076,1909f56bfc062723c751e8b465ee728b)  -> (artifact id: 'af0b3ff0b5b8b91063ee69223c9640aa') in 0.009264 seconds 
========================================================================
Received Import Request.
  Time since last request: 0.000040 seconds.
  path: Assets/Golf Pack/Prefabs/trackHill_02.prefab
  artifactKey: Guid(b20bed777648647d5bd8482a516babb9) Importer(815301076,1909f56bfc062723c751e8b465ee728b)
Start importing Assets/Golf Pack/Prefabs/trackHill_02.prefab using Guid(b20bed777648647d5bd8482a516babb9) Importer(815301076,1909f56bfc062723c751e8b465ee728b)  -> (artifact id: '46a4af5eabf3f5b1f9c54d6b7c5daa31') in 0.007658 seconds 
========================================================================
Received Import Request.
  Time since last request: 0.000060 seconds.
  path: Assets/Golf Pack/Prefabs/trackHillHole_04.prefab
  artifactKey: Guid(d336a4c0344c24f4c86277f634aa0c06) Importer(815301076,1909f56bfc062723c751e8b465ee728b)
Start importing Assets/Golf Pack/Prefabs/trackHillHole_04.prefab using Guid(d336a4c0344c24f4c86277f634aa0c06) Importer(815301076,1909f56bfc062723c751e8b465ee728b)  -> (artifact id: 'bc4f2e5a2d70ed08197ee60b0f3fb774') in 0.009276 seconds 
========================================================================
Received Import Request.
  Time since last request: 0.000043 seconds.
  path: Assets/Golf Pack/Prefabs/trackHill_01.prefab
  artifactKey: Guid(1b4ff667cb68b4221aeb1c8dc7a2ac88) Importer(815301076,1909f56bfc062723c751e8b465ee728b)
Start importing Assets/Golf Pack/Prefabs/trackHill_01.prefab using Guid(1b4ff667cb68b4221aeb1c8dc7a2ac88) Importer(815301076,1909f56bfc062723c751e8b465ee728b)  -> (artifact id: '9a14c6f4a3b42fec1c21e3639ef75edf') in 0.008599 seconds 
========================================================================
Received Import Request.
  Time since last request: 0.000050 seconds.
  path: Assets/Golf Pack/Prefabs/trackHill_05.prefab
  artifactKey: Guid(55504cdb6839841d9900b20bdf62b488) Importer(815301076,1909f56bfc062723c751e8b465ee728b)
Start importing Assets/Golf Pack/Prefabs/trackHill_05.prefab using Guid(55504cdb6839841d9900b20bdf62b488) Importer(815301076,1909f56bfc062723c751e8b465ee728b)  -> (artifact id: '0f5f01f0a3fab29333aeeea39af3bedd') in 0.009536 seconds 
========================================================================
Received Import Request.
  Time since last request: 0.000057 seconds.
  path: Assets/Golf Pack/Prefabs/trackHill_06.prefab
  artifactKey: Guid(cec2848d5d3e94e53876fd67dcf8eb63) Importer(815301076,1909f56bfc062723c751e8b465ee728b)
Start importing Assets/Golf Pack/Prefabs/trackHill_06.prefab using Guid(cec2848d5d3e94e53876fd67dcf8eb63) Importer(815301076,1909f56bfc062723c751e8b465ee728b)  -> (artifact id: '3f6e528051b2c6e123dbbf6f8c2b53c7') in 0.008220 seconds 
========================================================================
Received Import Request.
  Time since last request: 0.000061 seconds.
  path: Assets/Golf Pack/Prefabs/trackHill_07.prefab
  artifactKey: Guid(a3af2c993f1a4482995304b9d25fca52) Importer(815301076,1909f56bfc062723c751e8b465ee728b)
Start importing Assets/Golf Pack/Prefabs/trackHill_07.prefab using Guid(a3af2c993f1a4482995304b9d25fca52) Importer(815301076,1909f56bfc062723c751e8b465ee728b)  -> (artifact id: '2423ec2b84dfb9fb4ec05be18f7ca841') in 0.010402 seconds 
========================================================================
Received Import Request.
  Time since last request: 0.000033 seconds.
  path: Assets/Golf Pack/Prefabs/trackToHill_02.prefab
  artifactKey: Guid(1aa8430fa97c948da8a3b91b30b16dc3) Importer(815301076,1909f56bfc062723c751e8b465ee728b)
Start importing Assets/Golf Pack/Prefabs/trackToHill_02.prefab using Guid(1aa8430fa97c948da8a3b91b30b16dc3) Importer(815301076,1909f56bfc062723c751e8b465ee728b)  -> (artifact id: '301c88356e4c0bf7a0b6cea9fe530b68') in 0.010051 seconds 
========================================================================
Received Import Request.
  Time since last request: 0.000034 seconds.
  path: Assets/Golf Pack/Prefabs/trackHole_01.prefab
  artifactKey: Guid(189255e8e5b4647058c5b825d604c239) Importer(815301076,1909f56bfc062723c751e8b465ee728b)
Start importing Assets/Golf Pack/Prefabs/trackHole_01.prefab using Guid(189255e8e5b4647058c5b825d604c239) Importer(815301076,1909f56bfc062723c751e8b465ee728b)  -> (artifact id: '994236e7a777f279b3b5b4206a363e38') in 0.007393 seconds 
========================================================================
Received Import Request.
  Time since last request: 0.000030 seconds.
  path: Assets/Golf Pack/Prefabs/trackHillHole_02.prefab
  artifactKey: Guid(309a029882f4b4f1baeb98317e7b9e66) Importer(815301076,1909f56bfc062723c751e8b465ee728b)
Start importing Assets/Golf Pack/Prefabs/trackHillHole_02.prefab using Guid(309a029882f4b4f1baeb98317e7b9e66) Importer(815301076,1909f56bfc062723c751e8b465ee728b)  -> (artifact id: '3109ea3f9986dbb2a76a074962018267') in 0.008930 seconds 
========================================================================
Received Prepare
Registering precompiled user dll's ...
Registered in 0.001889 seconds.
Begin MonoManager ReloadAssembly
Thread 0x28a887000 may have been prematurely finalized
Symbol file LoadedFromMemory doesn't match image /Users/christianpedersen/Game Engine Projects/MiniGolfGame/Library/PackageCache/com.unity.visualscripting@1.8.0/Editor/VisualScripting.Core/Dependencies/YamlDotNet/Unity.VisualScripting.YamlDotNet.dll
Symbol file LoadedFromMemory doesn't match image /Users/christianpedersen/Game Engine Projects/MiniGolfGame/Library/PackageCache/com.unity.visualscripting@1.8.0/Editor/VisualScripting.Core/Dependencies/DotNetZip/Unity.VisualScripting.IonicZip.dll
Native extension for OSXStandalone target not found
Native extension for WebGL target not found
Refreshing native plugins compatible for Editor in 0.73 ms, found 2 plugins.
Preloading 0 native plugins for Editor in 0.00 ms.
Mono: successfully reloaded assembly
- Completed reload, in  0.830 seconds
Domain Reload Profiling:
	ReloadAssembly (834ms)
		BeginReloadAssembly (306ms)
			ExecutionOrderSort (0ms)
			DisableScriptedObjects (7ms)
			BackupInstance (0ms)
			ReleaseScriptingObjects (0ms)
			CreateAndSetChildDomain (95ms)
		EndReloadAssembly (467ms)
			LoadAssemblies (104ms)
			RebuildTransferFunctionScriptingTraits (0ms)
			SetupTypeCache (188ms)
			ReleaseScriptCaches (2ms)
			RebuildScriptCaches (28ms)
			SetupLoadedEditorAssemblies (172ms)
				LogAssemblyErrors (0ms)
				InitializePlatformSupportModulesInManaged (3ms)
				SetLoadedEditorAssemblies (0ms)
				RefreshPlugins (1ms)
				BeforeProcessingInitializeOnLoad (38ms)
				ProcessInitializeOnLoadAttributes (119ms)
				ProcessInitializeOnLoadMethodAttributes (10ms)
				AfterProcessingInitializeOnLoad (1ms)
				EditorAssembliesLoaded (0ms)
			ExecutionOrderSort2 (0ms)
			AwakeInstancesAfterBackupRestoration (2ms)
Platform modules already initialized, skipping
Refreshing native plugins compatible for Editor in 0.62 ms, found 2 plugins.
Preloading 0 native plugins for Editor in 0.00 ms.
Unloading 3092 Unused Serialized files (Serialized files now loaded: 0)
Unloading 30 unused Assets / (0.6 MB). Loaded Objects now: 3597.
Memory consumption went from 121.2 MB to 120.6 MB.
Total: 3.178208 ms (FindLiveObjects: 0.116125 ms CreateObjectMapping: 0.172166 ms MarkObjects: 2.611125 ms  DeleteObjects: 0.277875 ms)

AssetImportParameters requested are different than current active one (requested -> active):
  custom:video-decoder-ogg-theora: a1e56fd34408186e4bbccfd4996cb3dc -> 
  custom:container-muxer-webm: aa71ff27fc2769a1b78a27578f13a17b -> 
  custom:container-demuxer-webm: 4f35f7cbe854078d1ac9338744f61a02 -> 
  custom:video-encoder-webm-vp8: eb34c28f22e8b96e1ab97ce403110664 -> 
  custom:framework-osx-AVFoundation: e770b220cccbd017edd2c1fefb359320 -> 
  custom:audio-encoder-webm-vorbis: bf7c407c2cedff20999df2af8eb42d56 -> 
  custom:container-demuxer-ogg: 62fdf1f143b41e24485cea50d1cbac27 -> 
  custom:video-decoder-webm-vp8: 9c59270c3fd7afecdb556c50c9e8de78 -> 
  custom:audio-decoder-ogg-vorbis: bf7c407c2cedff20999df2af8eb42d56 -> 
========================================================================
Received Import Request.
  Time since last request: 2705.377460 seconds.
  path: Assets/TextMesh Pro/Resources/Fonts & Materials/LiberationSans SDF - Drop Shadow.mat
  artifactKey: Guid(e73a58f6e2794ae7b1b7e50b7fb811b0) Importer(815301076,1909f56bfc062723c751e8b465ee728b)
Start importing Assets/TextMesh Pro/Resources/Fonts & Materials/LiberationSans SDF - Drop Shadow.mat using Guid(e73a58f6e2794ae7b1b7e50b7fb811b0) Importer(815301076,1909f56bfc062723c751e8b465ee728b)  -> (artifact id: '5159bd483c119eae144ad439bd8f07e9') in 0.446634 seconds 
========================================================================
Received Import Request.
  Time since last request: 0.000097 seconds.
  path: Assets/TextMesh Pro/Resources/Fonts & Materials/LiberationSans SDF - Outline.mat
  artifactKey: Guid(79459efec17a4d00a321bdcc27bbc385) Importer(815301076,1909f56bfc062723c751e8b465ee728b)
Start importing Assets/TextMesh Pro/Resources/Fonts & Materials/LiberationSans SDF - Outline.mat using Guid(79459efec17a4d00a321bdcc27bbc385) Importer(815301076,1909f56bfc062723c751e8b465ee728b)  -> (artifact id: '047436603dfad953791f3da9b71036c4') in 0.118900 seconds 
========================================================================
Received Prepare
Registering precompiled user dll's ...
Registered in 0.001552 seconds.
Begin MonoManager ReloadAssembly
Thread 0x17fe9f000 may have been prematurely finalized
Symbol file LoadedFromMemory doesn't match image /Users/christianpedersen/Game Engine Projects/MiniGolfGame/Library/PackageCache/com.unity.visualscripting@1.8.0/Editor/VisualScripting.Core/Dependencies/YamlDotNet/Unity.VisualScripting.YamlDotNet.dll
Symbol file LoadedFromMemory doesn't match image /Users/christianpedersen/Game Engine Projects/MiniGolfGame/Library/PackageCache/com.unity.visualscripting@1.8.0/Editor/VisualScripting.Core/Dependencies/DotNetZip/Unity.VisualScripting.IonicZip.dll
Native extension for OSXStandalone target not found
Native extension for WebGL target not found
Refreshing native plugins compatible for Editor in 0.53 ms, found 2 plugins.
Preloading 0 native plugins for Editor in 0.00 ms.
Mono: successfully reloaded assembly
- Completed reload, in  0.725 seconds
Domain Reload Profiling:
	ReloadAssembly (725ms)
		BeginReloadAssembly (163ms)
			ExecutionOrderSort (0ms)
			DisableScriptedObjects (6ms)
			BackupInstance (0ms)
			ReleaseScriptingObjects (0ms)
			CreateAndSetChildDomain (66ms)
		EndReloadAssembly (503ms)
			LoadAssemblies (75ms)
			RebuildTransferFunctionScriptingTraits (0ms)
			SetupTypeCache (210ms)
			ReleaseScriptCaches (1ms)
			RebuildScriptCaches (33ms)
			SetupLoadedEditorAssemblies (183ms)
				LogAssemblyErrors (0ms)
				InitializePlatformSupportModulesInManaged (3ms)
				SetLoadedEditorAssemblies (0ms)
				RefreshPlugins (1ms)
				BeforeProcessingInitializeOnLoad (39ms)
				ProcessInitializeOnLoadAttributes (126ms)
				ProcessInitializeOnLoadMethodAttributes (11ms)
				AfterProcessingInitializeOnLoad (2ms)
				EditorAssembliesLoaded (0ms)
			ExecutionOrderSort2 (0ms)
			AwakeInstancesAfterBackupRestoration (3ms)
Platform modules already initialized, skipping
Refreshing native plugins compatible for Editor in 0.79 ms, found 2 plugins.
Preloading 0 native plugins for Editor in 0.00 ms.
Unloading 3091 Unused Serialized files (Serialized files now loaded: 0)
Unloading 29 unused Assets / (0.6 MB). Loaded Objects now: 3601.
Memory consumption went from 121.2 MB to 120.6 MB.
Total: 3.106416 ms (FindLiveObjects: 0.232709 ms CreateObjectMapping: 0.061583 ms MarkObjects: 2.554833 ms  DeleteObjects: 0.256166 ms)

AssetImportParameters requested are different than current active one (requested -> active):
  custom:video-decoder-ogg-theora: a1e56fd34408186e4bbccfd4996cb3dc -> 
  custom:container-muxer-webm: aa71ff27fc2769a1b78a27578f13a17b -> 
  custom:container-demuxer-webm: 4f35f7cbe854078d1ac9338744f61a02 -> 
  custom:video-encoder-webm-vp8: eb34c28f22e8b96e1ab97ce403110664 -> 
  custom:framework-osx-AVFoundation: e770b220cccbd017edd2c1fefb359320 -> 
  custom:audio-encoder-webm-vorbis: bf7c407c2cedff20999df2af8eb42d56 -> 
  custom:container-demuxer-ogg: 62fdf1f143b41e24485cea50d1cbac27 -> 
  custom:video-decoder-webm-vp8: 9c59270c3fd7afecdb556c50c9e8de78 -> 
  custom:audio-decoder-ogg-vorbis: bf7c407c2cedff20999df2af8eb42d56 -> 
========================================================================
Received Prepare
Registering precompiled user dll's ...
Registered in 0.001394 seconds.
Begin MonoManager ReloadAssembly
Thread 0x17e713000 may have been prematurely finalized
Symbol file LoadedFromMemory doesn't match image /Users/christianpedersen/Game Engine Projects/MiniGolfGame/Library/PackageCache/com.unity.visualscripting@1.8.0/Editor/VisualScripting.Core/Dependencies/YamlDotNet/Unity.VisualScripting.YamlDotNet.dll
Symbol file LoadedFromMemory doesn't match image /Users/christianpedersen/Game Engine Projects/MiniGolfGame/Library/PackageCache/com.unity.visualscripting@1.8.0/Editor/VisualScripting.Core/Dependencies/DotNetZip/Unity.VisualScripting.IonicZip.dll
Native extension for OSXStandalone target not found
Native extension for WebGL target not found
Refreshing native plugins compatible for Editor in 0.98 ms, found 2 plugins.
Preloading 0 native plugins for Editor in 0.00 ms.
Mono: successfully reloaded assembly
- Completed reload, in  0.786 seconds
Domain Reload Profiling:
	ReloadAssembly (787ms)
		BeginReloadAssembly (144ms)
			ExecutionOrderSort (0ms)
			DisableScriptedObjects (4ms)
			BackupInstance (0ms)
			ReleaseScriptingObjects (0ms)
			CreateAndSetChildDomain (63ms)
		EndReloadAssembly (582ms)
			LoadAssemblies (52ms)
			RebuildTransferFunctionScriptingTraits (0ms)
			SetupTypeCache (241ms)
			ReleaseScriptCaches (10ms)
			RebuildScriptCaches (39ms)
			SetupLoadedEditorAssemblies (202ms)
				LogAssemblyErrors (0ms)
				InitializePlatformSupportModulesInManaged (3ms)
				SetLoadedEditorAssemblies (0ms)
				RefreshPlugins (1ms)
				BeforeProcessingInitializeOnLoad (51ms)
				ProcessInitializeOnLoadAttributes (134ms)
				ProcessInitializeOnLoadMethodAttributes (11ms)
				AfterProcessingInitializeOnLoad (1ms)
				EditorAssembliesLoaded (0ms)
			ExecutionOrderSort2 (0ms)
			AwakeInstancesAfterBackupRestoration (2ms)
Platform modules already initialized, skipping
Refreshing native plugins compatible for Editor in 0.79 ms, found 2 plugins.
Preloading 0 native plugins for Editor in 0.00 ms.
Unloading 3090 Unused Serialized files (Serialized files now loaded: 0)
Unloading 29 unused Assets / (0.6 MB). Loaded Objects now: 3604.
Memory consumption went from 121.1 MB to 120.5 MB.
Total: 3.266167 ms (FindLiveObjects: 0.132708 ms CreateObjectMapping: 0.152958 ms MarkObjects: 2.612333 ms  DeleteObjects: 0.366833 ms)

AssetImportParameters requested are different than current active one (requested -> active):
  custom:video-decoder-ogg-theora: a1e56fd34408186e4bbccfd4996cb3dc -> 
  custom:container-muxer-webm: aa71ff27fc2769a1b78a27578f13a17b -> 
  custom:container-demuxer-webm: 4f35f7cbe854078d1ac9338744f61a02 -> 
  custom:video-encoder-webm-vp8: eb34c28f22e8b96e1ab97ce403110664 -> 
  custom:framework-osx-AVFoundation: e770b220cccbd017edd2c1fefb359320 -> 
  custom:audio-encoder-webm-vorbis: bf7c407c2cedff20999df2af8eb42d56 -> 
  custom:container-demuxer-ogg: 62fdf1f143b41e24485cea50d1cbac27 -> 
  custom:video-decoder-webm-vp8: 9c59270c3fd7afecdb556c50c9e8de78 -> 
  custom:audio-decoder-ogg-vorbis: bf7c407c2cedff20999df2af8eb42d56 -> 
========================================================================
Received Import Request.
  Time since last request: 1158.847675 seconds.
  path: Assets/Title Music.mp3
  artifactKey: Guid(0756859c08d3a4f6a8709d9dbc83ac38) Importer(815301076,1909f56bfc062723c751e8b465ee728b)
Start importing Assets/Title Music.mp3 using Guid(0756859c08d3a4f6a8709d9dbc83ac38) Importer(815301076,1909f56bfc062723c751e8b465ee728b)  -> (artifact id: '1759bc16f2d2d6550eda9c00877c90cd') in 1.001154 seconds 
========================================================================
Received Prepare
Registering precompiled user dll's ...
Registered in 0.002666 seconds.
Begin MonoManager ReloadAssembly
Thread 0x17fe9f000 may have been prematurely finalized
Symbol file LoadedFromMemory doesn't match image /Users/christianpedersen/Game Engine Projects/MiniGolfGame/Library/PackageCache/com.unity.visualscripting@1.8.0/Editor/VisualScripting.Core/Dependencies/YamlDotNet/Unity.VisualScripting.YamlDotNet.dll
Symbol file LoadedFromMemory doesn't match image /Users/christianpedersen/Game Engine Projects/MiniGolfGame/Library/PackageCache/com.unity.visualscripting@1.8.0/Editor/VisualScripting.Core/Dependencies/DotNetZip/Unity.VisualScripting.IonicZip.dll
Native extension for OSXStandalone target not found
Native extension for WebGL target not found
Refreshing native plugins compatible for Editor in 0.58 ms, found 2 plugins.
Preloading 0 native plugins for Editor in 0.00 ms.
Mono: successfully reloaded assembly
- Completed reload, in  0.732 seconds
Domain Reload Profiling:
	ReloadAssembly (733ms)
		BeginReloadAssembly (160ms)
			ExecutionOrderSort (0ms)
			DisableScriptedObjects (4ms)
			BackupInstance (0ms)
			ReleaseScriptingObjects (0ms)
			CreateAndSetChildDomain (80ms)
		EndReloadAssembly (514ms)
			LoadAssemblies (71ms)
			RebuildTransferFunctionScriptingTraits (0ms)
			SetupTypeCache (214ms)
			ReleaseScriptCaches (2ms)
			RebuildScriptCaches (32ms)
			SetupLoadedEditorAssemblies (184ms)
				LogAssemblyErrors (0ms)
				InitializePlatformSupportModulesInManaged (3ms)
				SetLoadedEditorAssemblies (0ms)
				RefreshPlugins (1ms)
				BeforeProcessingInitializeOnLoad (39ms)
				ProcessInitializeOnLoadAttributes (128ms)
				ProcessInitializeOnLoadMethodAttributes (11ms)
				AfterProcessingInitializeOnLoad (1ms)
				EditorAssembliesLoaded (0ms)
			ExecutionOrderSort2 (0ms)
			AwakeInstancesAfterBackupRestoration (3ms)
Platform modules already initialized, skipping
Refreshing native plugins compatible for Editor in 0.72 ms, found 2 plugins.
Preloading 0 native plugins for Editor in 0.00 ms.
Unloading 3090 Unused Serialized files (Serialized files now loaded: 0)
Unloading 29 unused Assets / (0.6 MB). Loaded Objects now: 3609.
Memory consumption went from 125.2 MB to 124.6 MB.
Total: 3.160334 ms (FindLiveObjects: 0.112834 ms CreateObjectMapping: 0.064750 ms MarkObjects: 2.626750 ms  DeleteObjects: 0.355209 ms)

AssetImportParameters requested are different than current active one (requested -> active):
  custom:video-decoder-ogg-theora: a1e56fd34408186e4bbccfd4996cb3dc -> 
  custom:container-muxer-webm: aa71ff27fc2769a1b78a27578f13a17b -> 
  custom:container-demuxer-webm: 4f35f7cbe854078d1ac9338744f61a02 -> 
  custom:video-encoder-webm-vp8: eb34c28f22e8b96e1ab97ce403110664 -> 
  custom:framework-osx-AVFoundation: e770b220cccbd017edd2c1fefb359320 -> 
  custom:audio-encoder-webm-vorbis: bf7c407c2cedff20999df2af8eb42d56 -> 
  custom:container-demuxer-ogg: 62fdf1f143b41e24485cea50d1cbac27 -> 
  custom:video-decoder-webm-vp8: 9c59270c3fd7afecdb556c50c9e8de78 -> 
  custom:audio-decoder-ogg-vorbis: bf7c407c2cedff20999df2af8eb42d56 -> 
========================================================================
Received Prepare
Registering precompiled user dll's ...
Registered in 0.001429 seconds.
Begin MonoManager ReloadAssembly
Thread 0x17e687000 may have been prematurely finalized
Symbol file LoadedFromMemory doesn't match image /Users/christianpedersen/Game Engine Projects/MiniGolfGame/Library/PackageCache/com.unity.visualscripting@1.8.0/Editor/VisualScripting.Core/Dependencies/YamlDotNet/Unity.VisualScripting.YamlDotNet.dll
Symbol file LoadedFromMemory doesn't match image /Users/christianpedersen/Game Engine Projects/MiniGolfGame/Library/PackageCache/com.unity.visualscripting@1.8.0/Editor/VisualScripting.Core/Dependencies/DotNetZip/Unity.VisualScripting.IonicZip.dll
Native extension for OSXStandalone target not found
Native extension for WebGL target not found
Refreshing native plugins compatible for Editor in 0.60 ms, found 2 plugins.
Preloading 0 native plugins for Editor in 0.00 ms.
Mono: successfully reloaded assembly
- Completed reload, in  0.818 seconds
Domain Reload Profiling:
	ReloadAssembly (820ms)
		BeginReloadAssembly (240ms)
			ExecutionOrderSort (0ms)
			DisableScriptedObjects (6ms)
			BackupInstance (0ms)
			ReleaseScriptingObjects (0ms)
			CreateAndSetChildDomain (67ms)
		EndReloadAssembly (517ms)
			LoadAssemblies (151ms)
			RebuildTransferFunctionScriptingTraits (0ms)
			SetupTypeCache (209ms)
			ReleaseScriptCaches (3ms)
			RebuildScriptCaches (31ms)
			SetupLoadedEditorAssemblies (185ms)
				LogAssemblyErrors (0ms)
				InitializePlatformSupportModulesInManaged (3ms)
				SetLoadedEditorAssemblies (0ms)
				RefreshPlugins (1ms)
				BeforeProcessingInitializeOnLoad (40ms)
				ProcessInitializeOnLoadAttributes (129ms)
				ProcessInitializeOnLoadMethodAttributes (11ms)
				AfterProcessingInitializeOnLoad (1ms)
				EditorAssembliesLoaded (0ms)
			ExecutionOrderSort2 (0ms)
			AwakeInstancesAfterBackupRestoration (3ms)
Platform modules already initialized, skipping
Refreshing native plugins compatible for Editor in 0.63 ms, found 2 plugins.
Preloading 0 native plugins for Editor in 0.00 ms.
Unloading 3092 Unused Serialized files (Serialized files now loaded: 0)
Unloading 29 unused Assets / (0.6 MB). Loaded Objects now: 3614.
Memory consumption went from 125.3 MB to 124.7 MB.
Total: 2.174000 ms (FindLiveObjects: 0.129791 ms CreateObjectMapping: 0.068250 ms MarkObjects: 1.779792 ms  DeleteObjects: 0.195500 ms)

AssetImportParameters requested are different than current active one (requested -> active):
  custom:video-decoder-ogg-theora: a1e56fd34408186e4bbccfd4996cb3dc -> 
  custom:container-muxer-webm: aa71ff27fc2769a1b78a27578f13a17b -> 
  custom:container-demuxer-webm: 4f35f7cbe854078d1ac9338744f61a02 -> 
  custom:video-encoder-webm-vp8: eb34c28f22e8b96e1ab97ce403110664 -> 
  custom:framework-osx-AVFoundation: e770b220cccbd017edd2c1fefb359320 -> 
  custom:audio-encoder-webm-vorbis: bf7c407c2cedff20999df2af8eb42d56 -> 
  custom:container-demuxer-ogg: 62fdf1f143b41e24485cea50d1cbac27 -> 
  custom:video-decoder-webm-vp8: 9c59270c3fd7afecdb556c50c9e8de78 -> 
  custom:audio-decoder-ogg-vorbis: bf7c407c2cedff20999df2af8eb42d56 -> 
========================================================================
Received Import Request.
  Time since last request: 4588.134718 seconds.
  path: Assets
  artifactKey: Guid(00000000000000001000000000000000) Importer(815301076,1909f56bfc062723c751e8b465ee728b)
Start importing Assets using Guid(00000000000000001000000000000000) Importer(815301076,1909f56bfc062723c751e8b465ee728b)  -> (artifact id: '79842766b460edbeab6a34051e857a80') in 0.006174 seconds 
========================================================================
Received Import Request.
  Time since last request: 5.939762 seconds.
  path: Assets/Audio
  artifactKey: Guid(2ebc06dbbffe844d284427275b39cf86) Importer(815301076,1909f56bfc062723c751e8b465ee728b)
Start importing Assets/Audio using Guid(2ebc06dbbffe844d284427275b39cf86) Importer(815301076,1909f56bfc062723c751e8b465ee728b)  -> (artifact id: '77d015ef232d73a5b2e47534de46053a') in 0.001551 seconds 
========================================================================
Received Import Request.
  Time since last request: 11.625700 seconds.
  path: Assets/Animations
  artifactKey: Guid(221183e43dcba4c59bedd3a97495a03f) Importer(815301076,1909f56bfc062723c751e8b465ee728b)
Start importing Assets/Animations using Guid(221183e43dcba4c59bedd3a97495a03f) Importer(815301076,1909f56bfc062723c751e8b465ee728b)  -> (artifact id: '2930db6837c2d88d83dd1150950630f2') in 0.001225 seconds 
========================================================================
Received Import Request.
  Time since last request: 7.549639 seconds.
  path: Assets/Scripts
  artifactKey: Guid(73aad1be81d33498bb8ea2cf78d29543) Importer(815301076,1909f56bfc062723c751e8b465ee728b)
Start importing Assets/Scripts using Guid(73aad1be81d33498bb8ea2cf78d29543) Importer(815301076,1909f56bfc062723c751e8b465ee728b)  -> (artifact id: 'ee6c468cd8b2729705d6dc93bbe1de03') in 0.003726 seconds 
========================================================================
Received Import Request.
  Time since last request: 86.217619 seconds.
  path: Assets/Humanoid Demo/Readme.asset
  artifactKey: Guid(eb52d21206166694ca03fec268899a2e) Importer(815301076,1909f56bfc062723c751e8b465ee728b)
Start importing Assets/Humanoid Demo/Readme.asset using Guid(eb52d21206166694ca03fec268899a2e) Importer(815301076,1909f56bfc062723c751e8b465ee728b)  -> (artifact id: '6811fe7645042847d46424aadea47077') in 0.105572 seconds 
========================================================================
Received Import Request.
  Time since last request: 1.246994 seconds.
  path: Assets/Humanoid Demo/Prefabs
  artifactKey: Guid(840a5011ed096c64f9accd22e06f9c28) Importer(815301076,1909f56bfc062723c751e8b465ee728b)
Start importing Assets/Humanoid Demo/Prefabs using Guid(840a5011ed096c64f9accd22e06f9c28) Importer(815301076,1909f56bfc062723c751e8b465ee728b)  -> (artifact id: '5cd7fd33ca770b2cbe53d83abc127c64') in 0.001224 seconds 
========================================================================
Received Import Request.
  Time since last request: 0.341733 seconds.
  path: Assets/Humanoid Demo/Prefabs/humanoid demo.prefab
  artifactKey: Guid(64afc01b4e7549b4898ddab877a0bd88) Importer(815301076,1909f56bfc062723c751e8b465ee728b)
Start importing Assets/Humanoid Demo/Prefabs/humanoid demo.prefab using Guid(64afc01b4e7549b4898ddab877a0bd88) Importer(815301076,1909f56bfc062723c751e8b465ee728b)  -> (artifact id: '12a5e03095a44c6204528d525f58ee84') in 0.532302 seconds 
========================================================================
Received Import Request.
  Time since last request: 121.550185 seconds.
  path: Assets/Used Golf Club/Prefabs
  artifactKey: Guid(87f30d9322f73ca42ac4910fbfdc11fc) Importer(815301076,1909f56bfc062723c751e8b465ee728b)
Start importing Assets/Used Golf Club/Prefabs using Guid(87f30d9322f73ca42ac4910fbfdc11fc) Importer(815301076,1909f56bfc062723c751e8b465ee728b)  -> (artifact id: 'a041e532613df9f7dd4989acefc1e8a3') in 0.014109 seconds 
========================================================================
Received Import Request.
  Time since last request: 0.052923 seconds.
  path: Assets/Used Golf Club/Prefabs/Golf Club Prefab.prefab
  artifactKey: Guid(1cacd37db68b03b4db52e458d462de33) Importer(815301076,1909f56bfc062723c751e8b465ee728b)
Start importing Assets/Used Golf Club/Prefabs/Golf Club Prefab.prefab using Guid(1cacd37db68b03b4db52e458d462de33) Importer(815301076,1909f56bfc062723c751e8b465ee728b)  -> (artifact id: '8f18b358630d7d86abda493ba6b63245') in 0.353361 seconds 
========================================================================
Received Import Request.
  Time since last request: 210.969270 seconds.
  path: Assets/Golf Pack/Materials
  artifactKey: Guid(6ad1b5522efc04f428be5629cbeaa57a) Importer(815301076,1909f56bfc062723c751e8b465ee728b)
Start importing Assets/Golf Pack/Materials using Guid(6ad1b5522efc04f428be5629cbeaa57a) Importer(815301076,1909f56bfc062723c751e8b465ee728b)  -> (artifact id: 'aa71ea1863988891ead2092c03ada0d3') in 0.017629 seconds 
========================================================================
Received Import Request.
  Time since last request: 0.011717 seconds.
  path: Assets/Golf Pack/Materials/Green Golf Pack.mat
  artifactKey: Guid(b05271f34d87b48cbab90a6f4ef46917) Importer(815301076,1909f56bfc062723c751e8b465ee728b)
Start importing Assets/Golf Pack/Materials/Green Golf Pack.mat using Guid(b05271f34d87b48cbab90a6f4ef46917) Importer(815301076,1909f56bfc062723c751e8b465ee728b)  -> (artifact id: '53908dab4ef9c7b65e0dba348c0554be') in 0.106222 seconds 
========================================================================
Received Import Request.
  Time since last request: 2.509740 seconds.
  path: Assets/Golf Pack/Instruction.pdf
  artifactKey: Guid(e36bc37897cd1405e869407586d30f81) Importer(815301076,1909f56bfc062723c751e8b465ee728b)
Start importing Assets/Golf Pack/Instruction.pdf using Guid(e36bc37897cd1405e869407586d30f81) Importer(815301076,1909f56bfc062723c751e8b465ee728b)  -> (artifact id: 'a9ab2ea912c00a138e5a6262153f09d3') in 0.110545 seconds 
========================================================================
Received Import Request.
  Time since last request: 80.229601 seconds.
  path: Assets/Animations/Putting Animation Controller.controller
  artifactKey: Guid(c540dd45c8e154b63be653422f657b24) Importer(815301076,1909f56bfc062723c751e8b465ee728b)
Start importing Assets/Animations/Putting Animation Controller.controller using Guid(c540dd45c8e154b63be653422f657b24) Importer(815301076,1909f56bfc062723c751e8b465ee728b)  -> (artifact id: 'b5b9a4ce6d1ec765e1880d61fdc12e6f') in 0.080068 seconds 
========================================================================
Received Import Request.
  Time since last request: 25.378200 seconds.
  path: Assets/Animations/Putting Animation.anim
  artifactKey: Guid(18d1b06adf2804770abf4456b19117c1) Importer(815301076,1909f56bfc062723c751e8b465ee728b)
Start importing Assets/Animations/Putting Animation.anim using Guid(18d1b06adf2804770abf4456b19117c1) Importer(815301076,1909f56bfc062723c751e8b465ee728b)  -> (artifact id: 'a9b6f9de76d1ee33c0b84633b268615c') in 0.049873 seconds 
========================================================================
Received Import Request.
  Time since last request: 658.631362 seconds.
  path: Assets/Animations/Putting Animation Controller.controller
  artifactKey: Guid(c540dd45c8e154b63be653422f657b24) Importer(815301076,1909f56bfc062723c751e8b465ee728b)
Start importing Assets/Animations/Putting Animation Controller.controller using Guid(c540dd45c8e154b63be653422f657b24) Importer(815301076,1909f56bfc062723c751e8b465ee728b)  -> (artifact id: 'ef1a07b128b1c0b1c25b00647ee81bd3') in 0.037564 seconds 
========================================================================
Received Import Request.
  Time since last request: 132.142278 seconds.
  path: Assets/Animations/Putting Animation Clip.anim
  artifactKey: Guid(bf816c3aedde64e6f902cf206119df67) Importer(815301076,1909f56bfc062723c751e8b465ee728b)
Start importing Assets/Animations/Putting Animation Clip.anim using Guid(bf816c3aedde64e6f902cf206119df67) Importer(815301076,1909f56bfc062723c751e8b465ee728b)  -> (artifact id: 'b2f94348b687cc05465670a16719e37f') in 0.039893 seconds 
========================================================================
Received Prepare
Registering precompiled user dll's ...
Registered in 0.001495 seconds.
Begin MonoManager ReloadAssembly
Thread 0x17e687000 may have been prematurely finalized
Symbol file LoadedFromMemory doesn't match image /Users/christianpedersen/Game Engine Projects/MiniGolfGame/Library/PackageCache/com.unity.visualscripting@1.8.0/Editor/VisualScripting.Core/Dependencies/YamlDotNet/Unity.VisualScripting.YamlDotNet.dll
Symbol file LoadedFromMemory doesn't match image /Users/christianpedersen/Game Engine Projects/MiniGolfGame/Library/PackageCache/com.unity.visualscripting@1.8.0/Editor/VisualScripting.Core/Dependencies/DotNetZip/Unity.VisualScripting.IonicZip.dll
Native extension for OSXStandalone target not found
Native extension for WebGL target not found
Refreshing native plugins compatible for Editor in 0.80 ms, found 2 plugins.
Preloading 0 native plugins for Editor in 0.00 ms.
Mono: successfully reloaded assembly
- Completed reload, in  0.943 seconds
Domain Reload Profiling:
	ReloadAssembly (947ms)
		BeginReloadAssembly (293ms)
			ExecutionOrderSort (0ms)
			DisableScriptedObjects (20ms)
			BackupInstance (0ms)
			ReleaseScriptingObjects (0ms)
			CreateAndSetChildDomain (120ms)
		EndReloadAssembly (589ms)
			LoadAssemblies (123ms)
			RebuildTransferFunctionScriptingTraits (0ms)
			SetupTypeCache (249ms)
			ReleaseScriptCaches (3ms)
			RebuildScriptCaches (33ms)
			SetupLoadedEditorAssemblies (217ms)
				LogAssemblyErrors (0ms)
				InitializePlatformSupportModulesInManaged (3ms)
				SetLoadedEditorAssemblies (0ms)
				RefreshPlugins (1ms)
				BeforeProcessingInitializeOnLoad (43ms)
				ProcessInitializeOnLoadAttributes (155ms)
				ProcessInitializeOnLoadMethodAttributes (13ms)
				AfterProcessingInitializeOnLoad (1ms)
				EditorAssembliesLoaded (0ms)
			ExecutionOrderSort2 (0ms)
			AwakeInstancesAfterBackupRestoration (4ms)
Platform modules already initialized, skipping
Refreshing native plugins compatible for Editor in 0.89 ms, found 2 plugins.
Preloading 0 native plugins for Editor in 0.00 ms.
Unloading 3092 Unused Serialized files (Serialized files now loaded: 0)
Unloading 29 unused Assets / (0.6 MB). Loaded Objects now: 3618.
Memory consumption went from 154.6 MB to 154.0 MB.
Total: 2.985000 ms (FindLiveObjects: 0.143875 ms CreateObjectMapping: 0.078541 ms MarkObjects: 2.411542 ms  DeleteObjects: 0.350125 ms)

AssetImportParameters requested are different than current active one (requested -> active):
  custom:video-decoder-ogg-theora: a1e56fd34408186e4bbccfd4996cb3dc -> 
  custom:container-muxer-webm: aa71ff27fc2769a1b78a27578f13a17b -> 
  custom:container-demuxer-webm: 4f35f7cbe854078d1ac9338744f61a02 -> 
  custom:video-encoder-webm-vp8: eb34c28f22e8b96e1ab97ce403110664 -> 
  custom:framework-osx-AVFoundation: e770b220cccbd017edd2c1fefb359320 -> 
  custom:audio-encoder-webm-vorbis: bf7c407c2cedff20999df2af8eb42d56 -> 
  custom:container-demuxer-ogg: 62fdf1f143b41e24485cea50d1cbac27 -> 
  custom:video-decoder-webm-vp8: 9c59270c3fd7afecdb556c50c9e8de78 -> 
  custom:audio-decoder-ogg-vorbis: bf7c407c2cedff20999df2af8eb42d56 -> 
========================================================================
Received Prepare
Registering precompiled user dll's ...
Registered in 0.001616 seconds.
Begin MonoManager ReloadAssembly
Thread 0x17e687000 may have been prematurely finalized
Symbol file LoadedFromMemory doesn't match image /Users/christianpedersen/Game Engine Projects/MiniGolfGame/Library/PackageCache/com.unity.visualscripting@1.8.0/Editor/VisualScripting.Core/Dependencies/YamlDotNet/Unity.VisualScripting.YamlDotNet.dll
Symbol file LoadedFromMemory doesn't match image /Users/christianpedersen/Game Engine Projects/MiniGolfGame/Library/PackageCache/com.unity.visualscripting@1.8.0/Editor/VisualScripting.Core/Dependencies/DotNetZip/Unity.VisualScripting.IonicZip.dll
Native extension for OSXStandalone target not found
Native extension for WebGL target not found
Refreshing native plugins compatible for Editor in 0.58 ms, found 2 plugins.
Preloading 0 native plugins for Editor in 0.00 ms.
Mono: successfully reloaded assembly
- Completed reload, in  0.796 seconds
Domain Reload Profiling:
	ReloadAssembly (798ms)
		BeginReloadAssembly (162ms)
			ExecutionOrderSort (0ms)
			DisableScriptedObjects (7ms)
			BackupInstance (0ms)
			ReleaseScriptingObjects (0ms)
			CreateAndSetChildDomain (54ms)
		EndReloadAssembly (567ms)
			LoadAssemblies (95ms)
			RebuildTransferFunctionScriptingTraits (0ms)
			SetupTypeCache (224ms)
			ReleaseScriptCaches (1ms)
			RebuildScriptCaches (33ms)
			SetupLoadedEditorAssemblies (215ms)
				LogAssemblyErrors (0ms)
				InitializePlatformSupportModulesInManaged (3ms)
				SetLoadedEditorAssemblies (0ms)
				RefreshPlugins (1ms)
				BeforeProcessingInitializeOnLoad (41ms)
				ProcessInitializeOnLoadAttributes (157ms)
				ProcessInitializeOnLoadMethodAttributes (12ms)
				AfterProcessingInitializeOnLoad (1ms)
				EditorAssembliesLoaded (0ms)
			ExecutionOrderSort2 (0ms)
			AwakeInstancesAfterBackupRestoration (3ms)
Platform modules already initialized, skipping
Refreshing native plugins compatible for Editor in 1.01 ms, found 2 plugins.
Preloading 0 native plugins for Editor in 0.00 ms.
Unloading 3092 Unused Serialized files (Serialized files now loaded: 0)
Unloading 29 unused Assets / (0.6 MB). Loaded Objects now: 3621.
Memory consumption went from 154.6 MB to 154.0 MB.
Total: 2.987292 ms (FindLiveObjects: 0.141417 ms CreateObjectMapping: 0.083750 ms MarkObjects: 2.372916 ms  DeleteObjects: 0.388541 ms)

AssetImportParameters requested are different than current active one (requested -> active):
  custom:video-decoder-ogg-theora: a1e56fd34408186e4bbccfd4996cb3dc -> 
  custom:container-muxer-webm: aa71ff27fc2769a1b78a27578f13a17b -> 
  custom:container-demuxer-webm: 4f35f7cbe854078d1ac9338744f61a02 -> 
  custom:video-encoder-webm-vp8: eb34c28f22e8b96e1ab97ce403110664 -> 
  custom:framework-osx-AVFoundation: e770b220cccbd017edd2c1fefb359320 -> 
  custom:audio-encoder-webm-vorbis: bf7c407c2cedff20999df2af8eb42d56 -> 
  custom:container-demuxer-ogg: 62fdf1f143b41e24485cea50d1cbac27 -> 
  custom:video-decoder-webm-vp8: 9c59270c3fd7afecdb556c50c9e8de78 -> 
  custom:audio-decoder-ogg-vorbis: bf7c407c2cedff20999df2af8eb42d56 -> 
========================================================================
Received Prepare
Registering precompiled user dll's ...
Registered in 0.001835 seconds.
Begin MonoManager ReloadAssembly
Thread 0x17e687000 may have been prematurely finalized
Symbol file LoadedFromMemory doesn't match image /Users/christianpedersen/Game Engine Projects/MiniGolfGame/Library/PackageCache/com.unity.visualscripting@1.8.0/Editor/VisualScripting.Core/Dependencies/YamlDotNet/Unity.VisualScripting.YamlDotNet.dll
Symbol file LoadedFromMemory doesn't match image /Users/christianpedersen/Game Engine Projects/MiniGolfGame/Library/PackageCache/com.unity.visualscripting@1.8.0/Editor/VisualScripting.Core/Dependencies/DotNetZip/Unity.VisualScripting.IonicZip.dll
Native extension for OSXStandalone target not found
Native extension for WebGL target not found
Refreshing native plugins compatible for Editor in 0.61 ms, found 2 plugins.
Preloading 0 native plugins for Editor in 0.00 ms.
Mono: successfully reloaded assembly
- Completed reload, in  0.797 seconds
Domain Reload Profiling:
	ReloadAssembly (798ms)
		BeginReloadAssembly (192ms)
			ExecutionOrderSort (0ms)
			DisableScriptedObjects (7ms)
			BackupInstance (0ms)
			ReleaseScriptingObjects (0ms)
			CreateAndSetChildDomain (101ms)
		EndReloadAssembly (537ms)
			LoadAssemblies (65ms)
			RebuildTransferFunctionScriptingTraits (0ms)
			SetupTypeCache (207ms)
			ReleaseScriptCaches (1ms)
			RebuildScriptCaches (33ms)
			SetupLoadedEditorAssemblies (210ms)
				LogAssemblyErrors (0ms)
				InitializePlatformSupportModulesInManaged (3ms)
				SetLoadedEditorAssemblies (0ms)
				RefreshPlugins (1ms)
				BeforeProcessingInitializeOnLoad (42ms)
				ProcessInitializeOnLoadAttributes (148ms)
				ProcessInitializeOnLoadMethodAttributes (15ms)
				AfterProcessingInitializeOnLoad (1ms)
				EditorAssembliesLoaded (0ms)
			ExecutionOrderSort2 (0ms)
			AwakeInstancesAfterBackupRestoration (3ms)
Platform modules already initialized, skipping
Refreshing native plugins compatible for Editor in 1.02 ms, found 2 plugins.
Preloading 0 native plugins for Editor in 0.00 ms.
Unloading 3092 Unused Serialized files (Serialized files now loaded: 0)
Unloading 29 unused Assets / (0.6 MB). Loaded Objects now: 3624.
Memory consumption went from 154.6 MB to 154.0 MB.
Total: 2.811583 ms (FindLiveObjects: 0.112250 ms CreateObjectMapping: 0.069666 ms MarkObjects: 2.293292 ms  DeleteObjects: 0.335375 ms)

AssetImportParameters requested are different than current active one (requested -> active):
  custom:video-decoder-ogg-theora: a1e56fd34408186e4bbccfd4996cb3dc -> 
  custom:container-muxer-webm: aa71ff27fc2769a1b78a27578f13a17b -> 
  custom:container-demuxer-webm: 4f35f7cbe854078d1ac9338744f61a02 -> 
  custom:video-encoder-webm-vp8: eb34c28f22e8b96e1ab97ce403110664 -> 
  custom:framework-osx-AVFoundation: e770b220cccbd017edd2c1fefb359320 -> 
  custom:audio-encoder-webm-vorbis: bf7c407c2cedff20999df2af8eb42d56 -> 
  custom:container-demuxer-ogg: 62fdf1f143b41e24485cea50d1cbac27 -> 
  custom:video-decoder-webm-vp8: 9c59270c3fd7afecdb556c50c9e8de78 -> 
  custom:audio-decoder-ogg-vorbis: bf7c407c2cedff20999df2af8eb42d56 -> 
========================================================================
Received Prepare
Registering precompiled user dll's ...
Registered in 0.001432 seconds.
Begin MonoManager ReloadAssembly
Thread 0x17e687000 may have been prematurely finalized
Symbol file LoadedFromMemory doesn't match image /Users/christianpedersen/Game Engine Projects/MiniGolfGame/Library/PackageCache/com.unity.visualscripting@1.8.0/Editor/VisualScripting.Core/Dependencies/YamlDotNet/Unity.VisualScripting.YamlDotNet.dll
Symbol file LoadedFromMemory doesn't match image /Users/christianpedersen/Game Engine Projects/MiniGolfGame/Library/PackageCache/com.unity.visualscripting@1.8.0/Editor/VisualScripting.Core/Dependencies/DotNetZip/Unity.VisualScripting.IonicZip.dll
Native extension for OSXStandalone target not found
Native extension for WebGL target not found
Refreshing native plugins compatible for Editor in 1.00 ms, found 2 plugins.
Preloading 0 native plugins for Editor in 0.00 ms.
Mono: successfully reloaded assembly
- Completed reload, in  0.859 seconds
Domain Reload Profiling:
	ReloadAssembly (860ms)
		BeginReloadAssembly (160ms)
			ExecutionOrderSort (0ms)
			DisableScriptedObjects (9ms)
			BackupInstance (0ms)
			ReleaseScriptingObjects (0ms)
			CreateAndSetChildDomain (61ms)
		EndReloadAssembly (633ms)
			LoadAssemblies (103ms)
			RebuildTransferFunctionScriptingTraits (0ms)
			SetupTypeCache (241ms)
			ReleaseScriptCaches (7ms)
			RebuildScriptCaches (36ms)
			SetupLoadedEditorAssemblies (220ms)
				LogAssemblyErrors (0ms)
				InitializePlatformSupportModulesInManaged (4ms)
				SetLoadedEditorAssemblies (0ms)
				RefreshPlugins (1ms)
				BeforeProcessingInitializeOnLoad (43ms)
				ProcessInitializeOnLoadAttributes (158ms)
				ProcessInitializeOnLoadMethodAttributes (13ms)
				AfterProcessingInitializeOnLoad (1ms)
				EditorAssembliesLoaded (0ms)
			ExecutionOrderSort2 (0ms)
			AwakeInstancesAfterBackupRestoration (3ms)
Platform modules already initialized, skipping
Refreshing native plugins compatible for Editor in 1.02 ms, found 2 plugins.
Preloading 0 native plugins for Editor in 0.00 ms.
Unloading 3092 Unused Serialized files (Serialized files now loaded: 0)
Unloading 29 unused Assets / (0.6 MB). Loaded Objects now: 3627.
Memory consumption went from 154.7 MB to 154.1 MB.
Total: 2.852542 ms (FindLiveObjects: 0.144250 ms CreateObjectMapping: 0.071791 ms MarkObjects: 2.109333 ms  DeleteObjects: 0.526292 ms)

AssetImportParameters requested are different than current active one (requested -> active):
  custom:video-decoder-ogg-theora: a1e56fd34408186e4bbccfd4996cb3dc -> 
  custom:container-muxer-webm: aa71ff27fc2769a1b78a27578f13a17b -> 
  custom:container-demuxer-webm: 4f35f7cbe854078d1ac9338744f61a02 -> 
  custom:video-encoder-webm-vp8: eb34c28f22e8b96e1ab97ce403110664 -> 
  custom:framework-osx-AVFoundation: e770b220cccbd017edd2c1fefb359320 -> 
  custom:audio-encoder-webm-vorbis: bf7c407c2cedff20999df2af8eb42d56 -> 
  custom:container-demuxer-ogg: 62fdf1f143b41e24485cea50d1cbac27 -> 
  custom:video-decoder-webm-vp8: 9c59270c3fd7afecdb556c50c9e8de78 -> 
  custom:audio-decoder-ogg-vorbis: bf7c407c2cedff20999df2af8eb42d56 -> 
